<?xml version="1.0" encoding="UTF-8" ?>
<testsuite errors="0" failures="0" hostname="MW7VNPOHK90YY0" name="mellisSpringRabbitChatter.test.ChatTest" tests="2" time="1.56" timestamp="2012-08-05T15:31:34">
  <properties>
[...]
</properties>
  <testcase classname="mellisSpringRabbitChatter.test.ChatTest" name="test1" time="1.513" />
  <testcase classname="mellisSpringRabbitChatter.test.ChatTest" name="test2" time="0.0" />
  <system-out><![CDATA[]]></system-out>
  <system-err><![CDATA[]]></system-err>
</testsuite>
